


 PROGRAM MNDO2019.
 VERSION 8.0 OF 15 AUGUST 2019.

 COPYRIGHT BY WALTER THIEL,
 MAX-PLANCK-INSTITUT FUER KOHLENFORSCHUNG,
 D-45470 MUELHEIM, GERMANY.


 ***** STANDARD INPUT USING KEYWORDS *****

 JOP    =    3     IGEOM  =    1     IFORM  =    1


 ***********************************************************************
 * INPUT OF OPTIONS VIA KEYWORDS
 *  MNDO     - THE MNDO HAMILTONIAN TO BE USED              
 * NUMBER OF MNDO97 KEYWORDS FOUND:  3
 * NUMBER OF MOPAC  KEYWORDS FOUND:  1
 ***********************************************************************



 *** OPTIONS FROM THE FIRST LINE OF INPUT    ***
 *** DEFINED EITHER EXPLICITLY OR BY DEFAULT ***

 LIMIT  = 3600     IOP    =    0     JOP    =    3     IGEOM  =    1     IFORM  =    1
 NEXMOL =    1     MPLIB  =    0     IEF    =    0     IDIIS  =    0     INREFD =    0
 IPAROK =    0     MMINP  =    0     NMR    =    0     NSAV7  =    0     NSAV8  =    0
 NSAV9  =    0     NSAV13 =    0     NSAV15 =    0     NSAV16 =    0     IMMOK  =    0
 IHBOND =    0     IFLD1  =    0     IFLD2  =    0     IFLD3  =    0     ICUTS  =    0
 ICUTG  =    0     IEXBAS =    0     ICOSMO =    0     IPSANA =    0     IMMDP  =   -1
 INAC   =    0



 MNDO   

 GEOMETRY OPTIMIZATION FOR ENERGY MINIMUM AND FORCE CONSTANT CALCULATION FOR OPTIMIZED GEOMETRY

 INPUT IN CARTESIAN COORDINATES

 INPUT OF MOLECULAR DATA IN FREE FORMAT



 *** OPTIONS FROM THE SECOND LINE OF INPUT   ***
 *** DEFINED EITHER EXPLICITLY OR BY DEFAULT ***


 MAXEND = 9999     MAXLIN =    4     MAXRTL = 9999     ISCF   =    6     IPLSCF =    6
 MIDDLE =    0     IPRINT =   -1     KPRINT =    0     LPRINT =    0     MPRINT =    0
 JPRINT =    0     IPREC  =    1     ICONV  =    0     IHESS  =    0     IDFP   =    0
 NREPET =    3     LINITG =   10     LCONVG =   10     LGDUM  =    0     IHDLC1 =    0
 IHDLC2 =    0     IHDLC3 =    0     INGEOM =    0     INTDIR =    0     LINDMS =    0
 LINDIA =    0     LINFRG =    0     INPFRG =    0     INP21  =    0     INP22  =    0
 INP23  =    0     INP24  =    0     INP25  =    0     IATERG =    1



 ethylene                                                                        
                                                                                 


     INPUT GEOMETRY


      ATOM      ATOMIC              X-COORDINATE         Y-COORDINATE         Z-COORDINATE
     NUMBER     NUMBER               (ANGSTROMS)          (ANGSTROMS)          (ANGSTROMS)

        1          6                  -0.70969 *            0.00000 *           -2.69673 *
        2          6                  -0.70969 *            0.00000 *           -1.36657 *
        3          1                  -0.70969 *            0.92334 *           -3.26968 *
        4          1                  -0.70969 *           -0.92334 *           -3.26968 *
        5          1                  -0.70969 *            0.92334 *           -0.79362 *
        6          1                  -0.70969 *           -0.92334 *           -0.79362 *



     **********

     *  VARIABLES TO BE OPTIMIZED, OF WHICH THERE ARE  18



     INITIAL INTERATOMIC DISTANCES (ANGSTROMS)


             1           2           3           4           5           6
 ----------------------------------------------------------------------------
   1      0.00000
   2      1.33016     0.00000
   3      1.08666     2.11527     0.00000
   4      1.08666     2.11527     1.84668     0.00000
   5      2.11527     1.08666     2.47606     3.08887     0.00000
   6      2.11527     1.08666     3.08887     2.47606     1.84668     0.00000



 MOLECULAR CHARGE         0
 NUMBER OF ELECTRONS     12
 DOUBLY OCCUPIED MOS      6


 *** OPTIONS FOR THE MOLECULE UNDER STUDY    ***
 *** DEFINED EITHER EXPLICITLY OR BY DEFAULT ***

 KHARGE =    0     IMULT  =    0     KTRIAL =    0     KGEOM  =    0     IPUBO  =    0
 IUHF   =   -1     KITSCF =  200     NPRINT =   -1     IFAST  =    0     IDIAG  =    0
 KSYM   =    0     NUMSYM =    0     KCI    =    0     NSTART =    4     NSTEP  =    4

 RHF CALCULATION

 ANALYTICAL SECOND DERIVATIVES SELECTED BY DEFAULT.

 CHKANA: IPSANA =  1, ISKPA = -2, ISKPAF = -2



 GEOMETRY OPTIMIZATION FOR ENERGY MINIMUM
 ethylene                                                                        
                                                                                 

 INITIAL GEOMETRY, TOTAL TIME =      0.014 , HEAT =    15.69672 , GNORM =       11.62399

 END OF CYCLE  1 , TOTAL TIME =      0.015 , HEAT =    15.55441 , GNORM =       17.53989

 END OF CYCLE  2 , TOTAL TIME =      0.015 , HEAT =    15.41494 , GNORM =        4.29376

 END OF CYCLE  3 , TOTAL TIME =      0.016 , HEAT =    15.41148 , GNORM =        2.46080

 TEST ON G SATISFIED

 END OF CYCLE  4 , TOTAL TIME =      0.016 , HEAT =    15.40639 , GNORM =        1.31939

 TEST ON G SATISFIED
 TEST ON F SATISFIED

 END OF CYCLE  5 , TOTAL TIME =      0.016 , HEAT =    15.40550 , GNORM =        0.74611



     ethylene                                                                        
                                                                                     


     POINT GROUP C2v ASSIGNED.



     EIGENVALUES (EV).


             1           2           3           4           5
    0   -35.30807   -22.65024   -15.82888   -14.60286   -12.64599
            A1          B1          A1          A1          B1  
    5   -10.17461     1.31829     3.79286     4.79281     5.41577
            B2          A2          A1          B1          B1  
   10     5.57381     6.52983
            A1          B1  



     SCF HEAT OF FORMATION       15.40550 KCAL/MOL
     SCF BINDING ENERGY         -23.18991 EV
     SCF TOTAL ENERGY          -311.81623 EV
     ELECTRONIC ENERGY         -742.32036 EV
     NUCLEAR ENERGY             430.50414 EV
     IONIZATION ENERGY           10.17461 EV
     SCF CYCLES                   2



     NET ATOMIC CHARGES AND ORBITAL POPULATIONS.

     ATOM    I        CHARGE      DENSITY        S          PX          PY          PZ

      C      1       -0.07996     4.07996     1.22997     1.00000     0.92831     0.92168
      C      2       -0.07996     4.07996     1.22997     1.00000     0.92831     0.92168
      H      3        0.04018     0.95982     0.95982
      H      4        0.03978     0.96022     0.96022
      H      5        0.04018     0.95982     0.95982
      H      6        0.03978     0.96022     0.96022



     DIPOLE              X           Y           Z         TOTAL

     POINT-CHARGE     0.00000     0.00244    -0.00000     0.00244
     HYBRID           0.00000    -0.00093     0.00000     0.00093
     SUM              0.00000     0.00152    -0.00000     0.00152



 ethylene                                                                        
                                                                                 



 OPTIMIZATION FINISHED AFTER   5 CYCLES AND  10 FUNCTION EVALUATIONS

 FINAL HEAT OF FORMATION       15.40550 KCAL/MOL



 FINAL VARIABLES AND GRADIENTS


   I         1           2           3           4           5           6           7           8           9          10
 X(I)    -0.70969    -0.00458    -2.69901    -0.70969    -0.00458    -1.36429    -0.70969     0.90584    -3.29665    -0.70969
 G(I)     0.00000     0.34905     0.08042     0.00000     0.34905    -0.08042     0.00000     0.03154    -0.06165     0.00000

   I        11          12          13          14          15          16          17          18
 X(I)    -0.91788    -3.29312    -0.70969     0.90584    -0.76665    -0.70969    -0.91788    -0.77018
 G(I)    -0.38059     0.01997     0.00000     0.03154     0.06165     0.00000    -0.38059    -0.01997



 FINAL OPTIMIZED GRADIENT NORM                0.74611

 FINAL CARTESIAN GRADIENT NORM                0.74611




      ATOM      ATOMIC              X-COORDINATE         Y-COORDINATE         Z-COORDINATE
     NUMBER     NUMBER               (ANGSTROMS)          (ANGSTROMS)          (ANGSTROMS)

        1          6                  -0.70969 *           -0.00458 *           -2.69901 *
        2          6                  -0.70969 *           -0.00458 *           -1.36429 *
        3          1                  -0.70969 *            0.90584 *           -3.29665 *
        4          1                  -0.70969 *           -0.91788 *           -3.29312 *
        5          1                  -0.70969 *            0.90584 *           -0.76665 *
        6          1                  -0.70969 *           -0.91788 *           -0.77018 *



 INTERATOMIC DISTANCES (ANGSTROMS)



             1           2           3           4           5           6
 ----------------------------------------------------------------------------
   1      0.00000
   2      1.33472     0.00000
   3      1.08905     2.13609     0.00000
   4      1.08953     2.13413     1.82372     0.00000
   5      2.13609     1.08905     2.52999     3.11592     0.00000
   6      2.13413     1.08953     3.11592     2.52294     1.82372     0.00000


     HEAT OF FORMATION     15.405503 KCAL/MOL


     GRADIENTS (ATOMIC UNITS)

     ATOM NO.         ATOMIC NO.         X-COORDINATE        Y-COORDINATE        Z-COORDINATE


         1                 6              -0.00000000          0.00029436          0.00006780
         2                 6               0.00000000          0.00029436         -0.00006780
         3                 1               0.00000000          0.00002660         -0.00005201
         4                 1              -0.00000000         -0.00032095          0.00001686
         5                 1               0.00000000          0.00002660          0.00005201
         6                 1               0.00000000         -0.00032095         -0.00001686



     GRADIENT NORM =     0.74612 KCAL/(MOL*ANGSTROM)  =  0.00062921 ATOMIC UNITS
     RMS GRADIENT  =     0.17586 KCAL/(MOL*ANGSTROM)  =  0.00014831 ATOMIC UNITS



     TIME FOR INITIAL EVALUATION OF ENERGY AND GRADIENT          0.000 SECONDS

 SELECTED PROFILE   4 WITH EXPECTED EXECUTION TIME             0.031 SECONDS 
 MEMORY REQUIRED    :      3628 WORDS
  TOTAL TIME FOR ANALYTICAL DERIVATIVES           0.003 SECONDS (EXPECTED          0.031)



     TIME FOR ANALYTICAL EVALUATION OF THE FORCE CONSTANTS       0.003 SECONDS


     MAXIMUM DEVIATION DUE TO SYMMETRIZATION  0.00000000




                                                                                     



     MOLECULAR WEIGHT IN AMU                       28.05360

     MOMENTS OF INERTIA IN AMU*ANGSTROM**2          3.35222       17.13218       20.48440

     MOMENTS OF INERTIA IN 10**(-40)*G*CM**2        5.56657       28.44911       34.01568

     ROTATIONAL CONSTANTS IN CM-1                   5.02892        0.98400        0.82297

     ROTATIONAL CONSTANTS IN MHZ                  150763.34       29499.53       24672.01

     THE MOLECULE IS AN ASYMMETRIC TOP



     CARTESIAN FORCE CONSTANT MATRIX IN ATOMIC UNITS
     AFTER PROJECTION OF TRANSLATIONAL-ROTATIONAL COMPONENTS



             1           2           3           4           5           6           7           8           9          10
 ----------------------------------------------------------------------------------------------------------------------------
   1      0.14520
   2     -0.00000     0.62435
   3     -0.00000    -0.00109     0.98001
   4     -0.06629     0.00000     0.00000     0.14520
   5      0.00000    -0.08214    -0.00006    -0.00000     0.62435
   6      0.00000     0.00006    -0.64328    -0.00000     0.00109     0.98001
   7     -0.04767     0.00000     0.00000     0.00815    -0.00000    -0.00000     0.02447
   8      0.00000    -0.26989     0.14883    -0.00000    -0.00082     0.00896    -0.00000     0.30212
   9      0.00000     0.14614    -0.13967    -0.00000     0.03106    -0.02940     0.00000    -0.16729     0.16523
  10     -0.04765     0.00000     0.00000     0.00826     0.00000    -0.00000     0.01001    -0.00000    -0.00000     0.02448
  11      0.00000    -0.27053    -0.14789    -0.00000    -0.00096    -0.00917     0.00000    -0.03227    -0.00953    -0.00000
  12      0.00000    -0.14521    -0.13823     0.00000    -0.03116    -0.02943    -0.00000     0.00968     0.00732    -0.00000
  13      0.00815     0.00000    -0.00000    -0.04767     0.00000     0.00000    -0.00468     0.00000    -0.00000     0.00972
  14     -0.00000    -0.00082    -0.00896     0.00000    -0.26989    -0.14883     0.00000     0.00057    -0.00009    -0.00000
  15      0.00000    -0.03106    -0.02940     0.00000    -0.14614    -0.13967     0.00000     0.00009    -0.00031    -0.00000
  16      0.00826    -0.00000    -0.00000    -0.04765     0.00000     0.00000     0.00972    -0.00000     0.00000    -0.00481
  17     -0.00000    -0.00096     0.00917     0.00000    -0.27053     0.14789     0.00000     0.00029    -0.00029     0.00000
  18     -0.00000     0.03116    -0.02943     0.00000     0.14521    -0.13823    -0.00000    -0.00027    -0.00317    -0.00000


            11          12          13          14          15          16          17          18
 ----------------------------------------------------------------------------------------------------
  11      0.30289
  12      0.16636     0.16389
  13     -0.00000    -0.00000     0.02447
  14      0.00029     0.00027    -0.00000     0.30212
  15      0.00029    -0.00317    -0.00000     0.16729     0.16523
  16      0.00000    -0.00000     0.01001    -0.00000    -0.00000     0.02448
  17      0.00058     0.00006    -0.00000    -0.03227     0.00953    -0.00000     0.30289
  18     -0.00006    -0.00037    -0.00000    -0.00968     0.00732    -0.00000    -0.16636     0.16389



     EIGENVECTORS OF THE MASS-WEIGHTED CARTESIAN FORCE CONSTANT MATRIX AND HARMONIC FREQUENCIES IN CM-1.


             1           2           3           4           5           6           7           8           9          10

          0.00003     0.00001     0.00001     0.00002     0.00003     0.00004   856.15474   870.93186  1099.03916  1113.07337

    1     0.65433     0.00000     0.00000     0.00000     0.00000    -0.00016    -0.00000     0.00198     0.26806    -0.43331
    2     0.00000     0.65433     0.00000     0.00000     0.00000    -0.51102     0.14795    -0.00000     0.00000    -0.00000
    3     0.65433     0.00000     0.00000     0.00000     0.00000    -0.00016     0.00003    -0.00000     0.00000    -0.00000
    4     0.65433     0.00000     0.00000     0.00000     0.00000    -0.00016     0.00000    -0.00198     0.26806     0.43331
    5     0.00000     0.65433     0.00000     0.00000     0.00000     0.51102     0.14795    -0.00000     0.00000     0.00000
    6     0.65433     0.00000     0.00000     0.00000     0.00000    -0.00016    -0.00003    -0.00000    -0.00000    -0.00000
    7     0.18955     0.00000     0.00000     0.00000     0.00000    -0.20199    -0.00000    -0.50110    -0.46341     0.39339
    8     0.00000     0.18955     0.00000     0.00000     0.00000    -0.28060    -0.25675     0.00000     0.00000     0.00000
    9     0.18955     0.00000     0.00000     0.00000     0.00000    -0.20199    -0.41742     0.00000     0.00000     0.00000
   10     0.18955     0.00000     0.00000     0.00000     0.00000     0.20254     0.00000     0.49889    -0.46195     0.39685

   11     0.00000     0.18955     0.00000     0.00000     0.00000    -0.27982    -0.25399     0.00000     0.00000     0.00000
   12     0.18955     0.00000     0.00000     0.00000     0.00000     0.20254     0.41646    -0.00000    -0.00000    -0.00000
   13     0.18955     0.00000     0.00000     0.00000     0.00000    -0.20199     0.00000     0.50110    -0.46341    -0.39339
   14     0.00000     0.18955     0.00000     0.00000     0.00000     0.28060    -0.25675     0.00000     0.00000    -0.00000
   15     0.18955     0.00000     0.00000     0.00000     0.00000    -0.20199     0.41742    -0.00000    -0.00000     0.00000
   16     0.18955     0.00000     0.00000     0.00000     0.00000     0.20254    -0.00000    -0.49889    -0.46195    -0.39685
   17     0.00000     0.18955     0.00000     0.00000     0.00000     0.27982    -0.25399     0.00000     0.00000     0.00000
   18     0.18955     0.00000     0.00000     0.00000     0.00000     0.20254    -0.41646     0.00000     0.00000    -0.00000


            11          12          13          14          15          16          17          18

       1181.85575  1425.08591  1466.08524  1782.07610  3378.62775  3407.94228  3427.36991  3431.33158

    1    -0.00000     0.00000     0.00000    -0.00000    -0.00000     0.00000     0.00000     0.00000
    2     0.44113    -0.00003     0.00067     0.00015     0.21030    -0.22278    -0.01830    -0.00614
    3     0.00029     0.13255    -0.22230     0.67604     0.00409    -0.01258     0.15889     0.14973
    4     0.00000    -0.00000    -0.00000     0.00000     0.00000     0.00000     0.00000    -0.00000
    5    -0.44113    -0.00003    -0.00067     0.00015    -0.21030    -0.22278    -0.01830     0.00614
    6     0.00029    -0.13255    -0.22230    -0.67604     0.00409     0.01258    -0.15889     0.14973
    7     0.00000    -0.00000    -0.00000     0.00000     0.00000     0.00000     0.00000    -0.00000
    8    -0.13980     0.24038     0.27982    -0.14497    -0.37706     0.34960     0.44399     0.42573
    9    -0.36590     0.42700     0.38233    -0.02270     0.26767    -0.25432    -0.27971    -0.26752
   10     0.00000    -0.00000    -0.00000     0.00000     0.00000    -0.00000    -0.00000    -0.00000

   11    -0.13715    -0.24026    -0.27895     0.14444    -0.40315     0.41945    -0.38083    -0.40317
   12     0.36492     0.42964     0.38509    -0.02413    -0.28180     0.29558    -0.23241    -0.24936
   13     0.00000     0.00000     0.00000     0.00000    -0.00000     0.00000     0.00000     0.00000
   14     0.13980     0.24038    -0.27982    -0.14497     0.37706     0.34960     0.44399    -0.42573
   15    -0.36590    -0.42700     0.38233     0.02270     0.26767     0.25432     0.27971    -0.26752
   16    -0.00000    -0.00000     0.00000    -0.00000     0.00000     0.00000     0.00000     0.00000
   17     0.13715    -0.24026     0.27895     0.14444     0.40315     0.41945    -0.38083     0.40317
   18     0.36492    -0.42964     0.38509     0.02413    -0.28180    -0.29558     0.23241    -0.24936



     CARTESIAN DISPLACEMENT VECTORS IN ATOMIC UNITS AND HARMONIC FREQUENCIES IN CM-1.



             1           2           3           4           5           6           7           8           9          10

          0.00003     0.00001     0.00001     0.00002     0.00003     0.00004   856.15474   870.93186  1099.03916  1113.07337

    1     0.18880     0.00000     0.00000     0.00000     0.00000    -0.00005    -0.00000     0.00057     0.07735    -0.12503
    2     0.00000     0.18880     0.00000     0.00000     0.00000    -0.14745     0.04269    -0.00000     0.00000    -0.00000
    3     0.18880     0.00000     0.00000     0.00000     0.00000    -0.00005     0.00001    -0.00000     0.00000    -0.00000
    4     0.18880     0.00000     0.00000     0.00000     0.00000    -0.00005     0.00000    -0.00057     0.07735     0.12503
    5     0.00000     0.18880     0.00000     0.00000     0.00000     0.14745     0.04269    -0.00000     0.00000     0.00000
    6     0.18880     0.00000     0.00000     0.00000     0.00000    -0.00005    -0.00001    -0.00000    -0.00000    -0.00000
    7     0.18880     0.00000     0.00000     0.00000     0.00000    -0.20120    -0.00000    -0.49914    -0.46159     0.39184
    8     0.00000     0.18880     0.00000     0.00000     0.00000    -0.27950    -0.25574     0.00000     0.00000     0.00000
    9     0.18880     0.00000     0.00000     0.00000     0.00000    -0.20120    -0.41578     0.00000     0.00000     0.00000
   10     0.18880     0.00000     0.00000     0.00000     0.00000     0.20174     0.00000     0.49693    -0.46014     0.39529

   11     0.00000     0.18880     0.00000     0.00000     0.00000    -0.27872    -0.25300     0.00000     0.00000     0.00000
   12     0.18880     0.00000     0.00000     0.00000     0.00000     0.20174     0.41482    -0.00000    -0.00000    -0.00000
   13     0.18880     0.00000     0.00000     0.00000     0.00000    -0.20120     0.00000     0.49914    -0.46159    -0.39184
   14     0.00000     0.18880     0.00000     0.00000     0.00000     0.27950    -0.25574     0.00000     0.00000    -0.00000
   15     0.18880     0.00000     0.00000     0.00000     0.00000    -0.20120     0.41578    -0.00000    -0.00000     0.00000
   16     0.18880     0.00000     0.00000     0.00000     0.00000     0.20174    -0.00000    -0.49693    -0.46014    -0.39529
   17     0.00000     0.18880     0.00000     0.00000     0.00000     0.27872    -0.25300     0.00000     0.00000     0.00000
   18     0.18880     0.00000     0.00000     0.00000     0.00000     0.20174    -0.41482     0.00000     0.00000    -0.00000


            11          12          13          14          15          16          17          18

       1181.85575  1425.08591  1466.08524  1782.07610  3378.62775  3407.94228  3427.36991  3431.33158

    1    -0.00000     0.00000     0.00000    -0.00000    -0.00000     0.00000     0.00000     0.00000
    2     0.12728    -0.00001     0.00019     0.00004     0.06068    -0.06428    -0.00528    -0.00177
    3     0.00008     0.03825    -0.06414     0.19507     0.00118    -0.00363     0.04585     0.04320
    4     0.00000    -0.00000    -0.00000     0.00000     0.00000     0.00000     0.00000    -0.00000
    5    -0.12728    -0.00001    -0.00019     0.00004    -0.06068    -0.06428    -0.00528     0.00177
    6     0.00008    -0.03825    -0.06414    -0.19507     0.00118     0.00363    -0.04585     0.04320
    7     0.00000    -0.00000    -0.00000     0.00000     0.00000     0.00000     0.00000    -0.00000
    8    -0.13925     0.23943     0.27872    -0.14440    -0.37558     0.34823     0.44225     0.42406
    9    -0.36447     0.42532     0.38083    -0.02261     0.26662    -0.25332    -0.27861    -0.26647
   10     0.00000    -0.00000    -0.00000     0.00000     0.00000    -0.00000    -0.00000    -0.00000

   11    -0.13661    -0.23932    -0.27786     0.14387    -0.40157     0.41780    -0.37934    -0.40159
   12     0.36349     0.42796     0.38358    -0.02404    -0.28069     0.29442    -0.23150    -0.24838
   13     0.00000     0.00000     0.00000     0.00000    -0.00000     0.00000     0.00000     0.00000
   14     0.13925     0.23943    -0.27872    -0.14440     0.37558     0.34823     0.44225    -0.42406
   15    -0.36447    -0.42532     0.38083     0.02261     0.26662     0.25332     0.27861    -0.26647
   16    -0.00000    -0.00000     0.00000    -0.00000     0.00000     0.00000     0.00000     0.00000
   17     0.13661    -0.23932     0.27786     0.14387     0.40157     0.41780    -0.37934     0.40159
   18     0.36349    -0.42796     0.38358     0.02404    -0.28069    -0.29442     0.23150    -0.24838


     POINT GROUP C2v ASSIGNED.



     SYMMETRY OF VECTOR  1 CANNOT BE ASSIGNED.



     ZERO-POINT VIBRATIONAL ENERGY       33.50821 KCAL/MOL

     COMPUTED FROM MODES  7 - 18


               DIPOLE DERIVATIVES IN     
               CARTESIAN COORDINATES     
                 (DEBYE/ANGSTROM)        


             1           2           3

    1    -0.76874    -0.00000     0.00000
    2    -0.00000     0.52355    -0.00198
    3    -0.00000     0.00008     0.05505
    4    -0.76874    -0.00000    -0.00000
    5     0.00000     0.52355     0.00198
    6     0.00000    -0.00008     0.05505
    7     0.38539     0.00000     0.00000
    8     0.00000    -0.26045    -0.17201
    9     0.00000    -0.00203    -0.02539
   10     0.38335    -0.00000     0.00000

   11     0.00000    -0.26309     0.17100
   12    -0.00000     0.00129    -0.02966
   13     0.38539     0.00000    -0.00000
   14    -0.00000    -0.26045     0.17201
   15    -0.00000     0.00203    -0.02539
   16     0.38335     0.00000     0.00000
   17    -0.00000    -0.26309    -0.17100
   18    -0.00000    -0.00129    -0.02966


               DIPOLE DERIVATIVES IN     
            CARTESIAN NORMAL COORDINATES 
                 (DEBYE/ANGSTROM)        


             1           2           3

    1    -0.00000     0.00000    -0.00000
    2     0.00000    -0.00000     0.00000
    3     0.00000     0.00000     0.00000
    4     0.00000     0.00000     0.00000
    5     0.00000     0.00000     0.00000
    6    -0.00034    -0.00000    -0.00034
    7    -0.00000     0.31380    -0.00000
    8     0.00000    -0.00000    -0.00000
    9    -0.82749    -0.00000     0.00000
   10     0.00000    -0.00000    -0.00000

   11    -0.00000     0.00000    -0.00236
   12    -0.00000     0.00057     0.00000
   13     0.00000     0.00000    -0.24007
   14     0.00000    -0.00038     0.00000
   15    -0.00000     0.00000    -0.00513
   16    -0.00000    -0.46676    -0.00000
   17    -0.00000    -0.03575    -0.00000
   18     0.00000     0.00000    -0.25020


                         INFRARED           
                 VIBRATIONAL INTENSITIES    

    MODE    WAVENUMBER       KM/MOL     RELATIVE

      7      856.15474        4.161      0.14381
      8      870.93186        0.000      0.00000
      9     1099.03916       28.933      1.00000
     10     1113.07337        0.000      0.00000
     11     1181.85575        0.000      0.00001
     12     1425.08591        0.000      0.00000
     13     1466.08524        2.435      0.08417
     14     1782.07610        0.000      0.00000
     15     3378.62775        0.001      0.00004
     16     3407.94228        9.206      0.31817
     17     3427.36991        0.054      0.00187
     18     3431.33158        2.645      0.09142




     HEAT OF FORMATION                 AT 298 K          15.40550 KCAL/MOL
     HEAT OF FORMATION                 AT   0 K          17.29735 KCAL/MOL
     ATOMIZATION ENTHALPY              AT 298 K         534.78250 KCAL/MOL
     ATOMIZATION ENTHALPY              AT   0 K         528.39352 KCAL/MOL
     ZPVE-EXCLUSIVE ATOMIZATION ENERGY AT   0 K         561.90173 KCAL/MOL

     DIFFERENCE Hf(298 K)-Hf(0 K)                        -1.89184 KCAL/MOL
     CONTRIBUTIONS FROM
     * EXPERIMENTAL HEATS FOR ATOMS                       4.49713 KCAL/MOL
     * SUM OF ALL THEORETICAL TERMS                      -6.38898 KCAL/MOL
     * H(298 K)-H(0 K) FOR ATOMS                         -8.88722 KCAL/MOL
     * H(298 K)-H(0 K) FOR MOLECULE                       2.49824 KCAL/MOL
     * VIBRATIONAL PART                                   0.12832 KCAL/MOL



     SYMMETRY NUMBER  2 ASSIGNED FOR ROTATIONAL PARTITION FUNCTION.

     POINT GROUP    C2v ASSIGNED USING PRINCIPAL-AXIS COORDINATES.



     CALCULATION OF THERMODYNAMIC QUANTITIES.


     RIGID-ROTOR HARMONIC-OSCILLATOR APPROXIMATION.
     NO SPECIAL TREATMENT OF INTERNAL ROTATIONS.
     ELECTRONIC CONTRIBUTIONS ARE NEGLECTED.
     EVALUATION VIA PARTITION FUNCTION Q.
     H(T)-H(0)  ENTHALPY      IN KCAL MOL-1.
     CP         HEAT CAPACITY IN CAL  MOL-1 KELVIN-1.
     S          ENTROPY       IN CAL  MOL-1 KELVIN-1.
     G(T)-G(0)  FREE ENTHALPY IN KCAL MOL-1.



     SUM OF TRANSLATIONAL, ROTATIONAL AND VIBRATIONAL CONTRIBUTIONS.

     T(KELVIN)      H(T)-H(0)          CP             S          G(T)-G(0)

        298.00        2.49674       10.02455       53.69087      -13.50314
        200.00        1.60285        8.38915       50.07516       -8.41218
        210.00        1.68731        8.50359       50.48718       -8.91500
        220.00        1.77297        8.63214       50.88568       -9.42188
        230.00        1.85999        8.77419       51.27248       -9.93268
        240.00        1.94850        8.92891       51.64913      -10.44729
        250.00        2.03861        9.09536       52.01696      -10.96563
        260.00        2.13044        9.27253       52.37711      -11.48761
        270.00        2.22409        9.45935       52.73053      -12.01315
        280.00        2.31966        9.65472       53.07805      -12.54220
        290.00        2.41721        9.85758       53.42037      -13.07469
        300.00        2.51683       10.06687       53.75807      -13.61059
        310.00        2.61857       10.28158       54.09164      -14.14984
        320.00        2.72248       10.50074       54.42152      -14.69241
        330.00        2.82860       10.72347       54.74805      -15.23826
        340.00        2.93695       10.94891       55.07152      -15.78736
        350.00        3.04758       11.17631       55.39217      -16.33968
        360.00        3.16049       11.40495       55.71022      -16.89520
        370.00        3.27568       11.63419       56.02583      -17.45388
        380.00        3.39317       11.86347       56.33914      -18.01570
        390.00        3.51295       12.09228       56.65026      -18.58065
        400.00        3.63501       12.32015       56.95929      -19.14870



 COMPUTATION TIME                 0.012 SECONDS


