


 PROGRAM MNDO2019.
 VERSION 8.0 OF 15 AUGUST 2019.

 COPYRIGHT BY WALTER THIEL,
 MAX-PLANCK-INSTITUT FUER KOHLENFORSCHUNG,
 D-45470 MUELHEIM, GERMANY.


 ***** STANDARD INPUT USING KEYWORDS *****

 JOP    =    3     IGEOM  =    1     IFORM  =    1


 ***********************************************************************
 * INPUT OF OPTIONS VIA KEYWORDS
 *  ODM2     - THE ODM2 HAMILTONIAN TO BE USED              
 * NUMBER OF MNDO97 KEYWORDS FOUND:  3
 * NUMBER OF MOPAC  KEYWORDS FOUND:  1
 ***********************************************************************



 *** OPTIONS FROM THE FIRST LINE OF INPUT    ***
 *** DEFINED EITHER EXPLICITLY OR BY DEFAULT ***

 LIMIT  = 3600     IOP    =  -22     JOP    =    3     IGEOM  =    1     IFORM  =    1
 NEXMOL =    1     MPLIB  =    0     IEF    =    0     IDIIS  =    0     INREFD =    0
 IPAROK =    0     MMINP  =    0     NMR    =    0     NSAV7  =    0     NSAV8  =    0
 NSAV9  =    0     NSAV13 =    0     NSAV15 =    0     NSAV16 =    0     IMMOK  =    0
 IHBOND =    0     IFLD1  =    0     IFLD2  =    0     IFLD3  =    0     ICUTS  =    0
 ICUTG  =    0     IEXBAS =    0     ICOSMO =    0     IPSANA =    0     IMMDP  =   -3
 INAC   =    0



 ODM2   

 GEOMETRY OPTIMIZATION FOR ENERGY MINIMUM AND FORCE CONSTANT CALCULATION FOR OPTIMIZED GEOMETRY

 INPUT IN CARTESIAN COORDINATES

 INPUT OF MOLECULAR DATA IN FREE FORMAT



 *** OPTIONS FROM THE SECOND LINE OF INPUT   ***
 *** DEFINED EITHER EXPLICITLY OR BY DEFAULT ***


 MAXEND = 9999     MAXLIN =    4     MAXRTL = 9999     ISCF   =    6     IPLSCF =    6
 MIDDLE =    0     IPRINT =   -1     KPRINT =    0     LPRINT =    0     MPRINT =    0
 JPRINT =    0     IPREC  =    1     ICONV  =    0     IHESS  =    0     IDFP   =    0
 NREPET =    3     LINITG =   10     LCONVG =   10     LGDUM  =    0     IHDLC1 =    0
 IHDLC2 =    0     IHDLC3 =    0     INGEOM =    0     INTDIR =    0     LINDMS =    0
 LINDIA =    0     LINFRG =    0     INPFRG =    0     INP21  =    0     INP22  =    0
 INP23  =    0     INP24  =    0     INP25  =    0     IATERG =   -1



 ethylene                                                                        
                                                                                 


     INPUT GEOMETRY


      ATOM      ATOMIC              X-COORDINATE         Y-COORDINATE         Z-COORDINATE
     NUMBER     NUMBER               (ANGSTROMS)          (ANGSTROMS)          (ANGSTROMS)

        1          6                  -0.70969 *            0.00000 *           -2.69673 *
        2          6                  -0.70969 *            0.00000 *           -1.36657 *
        3          1                  -0.70969 *            0.92334 *           -3.26968 *
        4          1                  -0.70969 *           -0.92334 *           -3.26968 *
        5          1                  -0.70969 *            0.92334 *           -0.79362 *
        6          1                  -0.70969 *           -0.92334 *           -0.79362 *



     **********

     *  VARIABLES TO BE OPTIMIZED, OF WHICH THERE ARE  18



     INITIAL INTERATOMIC DISTANCES (ANGSTROMS)


             1           2           3           4           5           6
 ----------------------------------------------------------------------------
   1      0.00000
   2      1.33016     0.00000
   3      1.08666     2.11527     0.00000
   4      1.08666     2.11527     1.84668     0.00000
   5      2.11527     1.08666     2.47606     3.08887     0.00000
   6      2.11527     1.08666     3.08887     2.47606     1.84668     0.00000



 MOLECULAR CHARGE         0
 NUMBER OF ELECTRONS     12
 DOUBLY OCCUPIED MOS      6


 *** OPTIONS FOR THE MOLECULE UNDER STUDY    ***
 *** DEFINED EITHER EXPLICITLY OR BY DEFAULT ***

 KHARGE =    0     IMULT  =    0     KTRIAL =    0     KGEOM  =    0     IPUBO  =    0
 IUHF   =   -1     KITSCF =  200     NPRINT =   -1     IFAST  =    0     IDIAG  =    0
 KSYM   =    0     NUMSYM =    0     KCI    =    0     NSTART =    4     NSTEP  =    4

 RHF CALCULATION

 CHKANA: IPSANA =  0, ISKPA =  0, ISKPAF =  0



 GEOMETRY OPTIMIZATION FOR ENERGY MINIMUM
 ethylene                                                                        
                                                                                 

 INITIAL GEOMETRY, TOTAL TIME =      0.025 , HEAT = -7189.29806 , GNORM =        7.12324

 END OF CYCLE  1 , TOTAL TIME =      0.037 , HEAT = -7189.30684 , GNORM =        7.50879

 END OF CYCLE  2 , TOTAL TIME =      0.043 , HEAT = -7189.31838 , GNORM =        2.82203

 TEST ON G SATISFIED

 END OF CYCLE  3 , TOTAL TIME =      0.047 , HEAT = -7189.32086 , GNORM =        1.01087

 TEST ON G SATISFIED
 TEST ON F SATISFIED

 END OF CYCLE  4 , TOTAL TIME =      0.050 , HEAT = -7189.32134 , GNORM =        0.38207



     ethylene                                                                        
                                                                                     


     POINT GROUP C2v ASSIGNED.



     EIGENVALUES (EV).


             1           2           3           4           5
    0   -25.54876   -19.88238   -15.76357   -13.54109   -11.94062
            A1          B1          A1          A1          B1  
    5   -10.52769     2.81197     3.90720     4.39806     4.88121
            B2          A2          B1          A1          A1  
   10     7.39951    10.16653
            B1          B1  



     TOTAL ENERGY             -7189.32134 KCAL/MOL
     SCF BINDING ENERGY         -24.38224 EV
     SCF TOTAL ENERGY          -311.68901 EV
     ELECTRONIC ENERGY         -726.14049 EV
     NUCLEAR ENERGY             414.45148 EV
     DISPERSION ENERGY           -1.46103 KCAL/MOL
     E(EETOT)+E(DISP)          -311.75237 EV
     IONIZATION ENERGY           10.52769 EV
     SCF CYCLES                   2



     NET ATOMIC CHARGES AND ORBITAL POPULATIONS.

     ATOM    I        CHARGE      DENSITY        S          PX          PY          PZ

      C      1       -0.42133     4.42133     1.40484     1.00000     1.08000     0.93650
      C      2       -0.42133     4.42133     1.40484     1.00000     1.08000     0.93650
      H      3        0.21082     0.78918     0.78918
      H      4        0.21051     0.78949     0.78949
      H      5        0.21082     0.78918     0.78918
      H      6        0.21051     0.78949     0.78949



     DIPOLE              X           Y           Z         TOTAL

     POINT-CHARGE    -0.00000    -0.00058     0.00000     0.00058
     HYBRID          -0.00000    -0.00044    -0.00000     0.00044
     SUM             -0.00000    -0.00101     0.00000     0.00101



 ethylene                                                                        
                                                                                 



 OPTIMIZATION FINISHED AFTER   4 CYCLES AND   9 FUNCTION EVALUATIONS

 FINAL TOTAL ENERGY    -7189.32134 KCAL/MOL



 FINAL VARIABLES AND GRADIENTS


   I         1           2           3           4           5           6           7           8           9          10
 X(I)    -0.70969    -0.00151    -2.69543    -0.70969    -0.00151    -1.36787    -0.70969     0.91679    -3.27175    -0.70969
 G(I)     0.00000     0.09180     0.13020     0.00000     0.09181    -0.13020     0.00000     0.00017    -0.00018     0.00000

   I        11          12          13          14          15          16          17          18
 X(I)    -0.92145    -3.26932    -0.70969     0.91679    -0.79156    -0.70969    -0.92145    -0.79398
 G(I)    -0.09197     0.19787     0.00000     0.00017     0.00018     0.00000    -0.09197    -0.19787



 FINAL OPTIMIZED GRADIENT NORM                0.38207

 FINAL CARTESIAN GRADIENT NORM                0.38207




      ATOM      ATOMIC              X-COORDINATE         Y-COORDINATE         Z-COORDINATE
     NUMBER     NUMBER               (ANGSTROMS)          (ANGSTROMS)          (ANGSTROMS)

        1          6                  -0.70969 *           -0.00151 *           -2.69543 *
        2          6                  -0.70969 *           -0.00151 *           -1.36787 *
        3          1                  -0.70969 *            0.91679 *           -3.27175 *
        4          1                  -0.70969 *           -0.92145 *           -3.26932 *
        5          1                  -0.70969 *            0.91679 *           -0.79156 *
        6          1                  -0.70969 *           -0.92145 *           -0.79398 *



 INTERATOMIC DISTANCES (ANGSTROMS)



             1           2           3           4           5           6
 ----------------------------------------------------------------------------
   1      0.00000
   2      1.32756     0.00000
   3      1.08417     2.11377     0.00000
   4      1.08427     2.11230     1.83825     0.00000
   5      2.11377     1.08417     2.48019     3.08520     0.00000
   6      2.11230     1.08427     3.08520     2.47534     1.83825     0.00000


     HEAT OF FORMATION  -7189.321340 KCAL/MOL


     GRADIENTS (ATOMIC UNITS)

     ATOM NO.         ATOMIC NO.         X-COORDINATE        Y-COORDINATE        Z-COORDINATE


         1                 6               0.00000000          0.00007738          0.00010982
         2                 6               0.00000000          0.00007739         -0.00010982
         3                 1               0.00000000          0.00000017         -0.00000022
         4                 1               0.00000000         -0.00007756          0.00016691
         5                 1               0.00000000          0.00000017          0.00000022
         6                 1               0.00000000         -0.00007756         -0.00016691



     GRADIENT NORM =     0.38213 KCAL/(MOL*ANGSTROM)  =  0.00032225 ATOMIC UNITS
     RMS GRADIENT  =     0.09007 KCAL/(MOL*ANGSTROM)  =  0.00007595 ATOMIC UNITS



     CALCULATION OF FORCE CONSTANT MATRIX

     COLUMN   1            TIME     0.007 SECONDS
     COLUMN   2            TIME     0.007 SECONDS
     COLUMN   3            TIME     0.007 SECONDS
     COLUMN   7            TIME     0.007 SECONDS
     COLUMN   8            TIME     0.007 SECONDS
     COLUMN   9            TIME     0.007 SECONDS
     COLUMN  10            TIME     0.007 SECONDS
     COLUMN  11            TIME     0.007 SECONDS
     COLUMN  12            TIME     0.006 SECONDS

     FULL MATRIX           TIME     0.061 SECONDS


     MAXIMUM DEVIATION DUE TO SYMMETRIZATION  0.00000881



     HEAT OF FORMATION  -7189.321340 KCAL/MOL


     GRADIENTS (ATOMIC UNITS)

     ATOM NO.         ATOMIC NO.         X-COORDINATE        Y-COORDINATE        Z-COORDINATE


         1                 6               0.00000000          0.00007720          0.00010978
         2                 6               0.00000000          0.00007718         -0.00010978
         3                 1               0.00000000          0.00000020         -0.00000017
         4                 1               0.00000000         -0.00007737          0.00016694
         5                 1               0.00000000          0.00000020          0.00000017
         6                 1               0.00000000         -0.00007737         -0.00016694



     GRADIENT NORM =     0.38192 KCAL/(MOL*ANGSTROM)  =  0.00032208 ATOMIC UNITS
     RMS GRADIENT  =     0.09002 KCAL/(MOL*ANGSTROM)  =  0.00007591 ATOMIC UNITS



                                                                                     



     MOLECULAR WEIGHT IN AMU                       28.05360

     MOMENTS OF INERTIA IN AMU*ANGSTROM**2          3.40585       16.77206       20.17791

     MOMENTS OF INERTIA IN 10**(-40)*G*CM**2        5.65563       27.85111       33.50674

     ROTATIONAL CONSTANTS IN CM-1                   4.94973        1.00513        0.83547

     ROTATIONAL CONSTANTS IN MHZ                  148389.31       30132.92       25046.76

     THE MOLECULE IS AN ASYMMETRIC TOP



     CARTESIAN FORCE CONSTANT MATRIX IN ATOMIC UNITS
     AFTER PROJECTION OF TRANSLATIONAL-ROTATIONAL COMPONENTS



             1           2           3           4           5           6           7           8           9          10
 ----------------------------------------------------------------------------------------------------------------------------
   1      0.13610
   2     -0.00000     0.58769
   3     -0.00000    -0.00049     1.14053
   4     -0.05343    -0.00000     0.00000     0.13610
   5     -0.00000    -0.09055     0.00000    -0.00000     0.58769
   6     -0.00000    -0.00000    -0.86338     0.00000     0.00049     1.14053
   7     -0.04607     0.00000     0.00000     0.00470     0.00000     0.00000     0.02655
   8     -0.00000    -0.24618     0.11256    -0.00000    -0.00211    -0.00155     0.00000     0.26532
   9     -0.00000     0.11830    -0.11662     0.00000     0.03372    -0.02227     0.00000    -0.13209     0.14364
  10     -0.04603     0.00000    -0.00000     0.00474     0.00000    -0.00000     0.00772     0.00000    -0.00000     0.02655
  11     -0.00000    -0.24666    -0.11216    -0.00000    -0.00220     0.00147     0.00000    -0.01961    -0.01984     0.00000
  12     -0.00000    -0.11787    -0.11589     0.00000    -0.03378    -0.02237     0.00000     0.01990     0.00181    -0.00000
  13      0.00470     0.00000    -0.00000    -0.04607     0.00000    -0.00000    -0.00585     0.00000    -0.00000     0.01295
  14     -0.00000    -0.00211     0.00155    -0.00000    -0.24618    -0.11256     0.00000     0.00367    -0.00063     0.00000
  15     -0.00000    -0.03372    -0.02227     0.00000    -0.11830    -0.11662     0.00000     0.00063    -0.00227    -0.00000
  16      0.00474     0.00000     0.00000    -0.04603     0.00000     0.00000     0.01295     0.00000     0.00000    -0.00592
  17     -0.00000    -0.00220    -0.00147    -0.00000    -0.24666     0.11216     0.00000    -0.00109     0.00054     0.00000
  18     -0.00000     0.03378    -0.02237     0.00000     0.11787    -0.11589     0.00000     0.00055    -0.00430    -0.00000


            11          12          13          14          15          16          17          18
 ----------------------------------------------------------------------------------------------------
  11      0.26588
  12      0.13170     0.14308
  13      0.00000    -0.00000     0.02655
  14     -0.00109    -0.00055     0.00000     0.26532
  15     -0.00054    -0.00430    -0.00000     0.13209     0.14364
  16      0.00000     0.00000     0.00772     0.00000     0.00000     0.02655
  17      0.00366     0.00062     0.00000    -0.01961     0.01984     0.00000     0.26588
  18     -0.00062    -0.00232    -0.00000    -0.01990     0.00181     0.00000    -0.13170     0.14308



     EIGENVECTORS OF THE MASS-WEIGHTED CARTESIAN FORCE CONSTANT MATRIX AND HARMONIC FREQUENCIES IN CM-1.


             1           2           3           4           5           6           7           8           9          10

          0.00004     0.00003     0.00001     0.00000     0.00001     0.00002   948.91577   993.75800  1063.05398  1124.93008

    1     0.65433     0.00000     0.00000     0.00000     0.00000    -0.00009     0.00000    -0.00241     0.42949     0.26806
    2     0.00000     0.65433     0.00000     0.00000     0.00000    -0.51213     0.14467    -0.00000     0.00000    -0.00000
    3     0.65433     0.00000     0.00000     0.00000     0.00000    -0.00009    -0.00019    -0.00000     0.00000    -0.00000
    4     0.65433     0.00000     0.00000     0.00000     0.00000    -0.00009    -0.00000     0.00241    -0.42949     0.26806
    5     0.00000     0.65433     0.00000     0.00000     0.00000     0.51213     0.14467     0.00000    -0.00000     0.00000
    6     0.65433     0.00000     0.00000     0.00000     0.00000    -0.00009     0.00019    -0.00000     0.00000    -0.00000
    7     0.18955     0.00000     0.00000     0.00000     0.00000    -0.20526    -0.00000     0.50173    -0.39478    -0.46309
    8     0.00000     0.18955     0.00000     0.00000     0.00000    -0.27716    -0.25053    -0.00000     0.00000     0.00000
    9     0.18955     0.00000     0.00000     0.00000     0.00000    -0.20526    -0.42128    -0.00000    -0.00000     0.00000
   10     0.18955     0.00000     0.00000     0.00000     0.00000     0.20558     0.00000    -0.49826    -0.39961    -0.46227

   11     0.00000     0.18955     0.00000     0.00000     0.00000    -0.27662    -0.24890    -0.00000    -0.00000    -0.00000
   12     0.18955     0.00000     0.00000     0.00000     0.00000     0.20558     0.42057     0.00000     0.00000    -0.00000
   13     0.18955     0.00000     0.00000     0.00000     0.00000    -0.20526     0.00000    -0.50173     0.39478    -0.46309
   14     0.00000     0.18955     0.00000     0.00000     0.00000     0.27716    -0.25053    -0.00000     0.00000    -0.00000
   15     0.18955     0.00000     0.00000     0.00000     0.00000    -0.20526     0.42128     0.00000    -0.00000     0.00000
   16     0.18955     0.00000     0.00000     0.00000     0.00000     0.20558    -0.00000     0.49826     0.39961    -0.46227
   17     0.00000     0.18955     0.00000     0.00000     0.00000     0.27662    -0.24890    -0.00000     0.00000    -0.00000
   18     0.18955     0.00000     0.00000     0.00000     0.00000     0.20558    -0.42057    -0.00000     0.00000    -0.00000


            11          12          13          14          15          16          17          18

       1245.01640  1506.38527  1514.34478  1998.45723  3049.88054  3118.56386  3175.90689  3219.91790

    1    -0.00000    -0.00000     0.00000     0.00000    -0.00000    -0.00000     0.00000     0.00000
    2    -0.43989    -0.00002    -0.00041     0.00016     0.00070     0.00090     0.21030     0.22566
    3    -0.00019     0.10965     0.22775     0.66948     0.14137     0.19944    -0.00065    -0.00115
    4    -0.00000    -0.00000     0.00000     0.00000     0.00000     0.00000    -0.00000     0.00000
    5     0.43989    -0.00002     0.00041     0.00016    -0.00070     0.00090    -0.21030     0.22566
    6    -0.00019    -0.10965     0.22775    -0.66948     0.14137    -0.19944    -0.00065     0.00115
    7     0.00000     0.00000    -0.00000    -0.00000    -0.00000     0.00000    -0.00000    -0.00000
    8     0.13475     0.22652    -0.26397    -0.16121     0.42345     0.41413    -0.39501    -0.39052
    9     0.36819     0.43811    -0.39222    -0.00022    -0.24382    -0.23896     0.27035     0.27107
   10     0.00000     0.00000    -0.00000    -0.00000     0.00000     0.00000     0.00000     0.00000

   11     0.13304    -0.22647     0.26341     0.16065    -0.42617    -0.41725    -0.39342    -0.38849
   12    -0.36753     0.43981    -0.39399    -0.00093    -0.24419    -0.23983    -0.26810    -0.26864
   13     0.00000     0.00000    -0.00000    -0.00000    -0.00000    -0.00000     0.00000     0.00000
   14    -0.13475     0.22652     0.26397    -0.16121    -0.42345     0.41413     0.39501    -0.39052
   15     0.36819    -0.43811    -0.39222     0.00022    -0.24382     0.23896     0.27035    -0.27107
   16     0.00000    -0.00000    -0.00000    -0.00000    -0.00000     0.00000    -0.00000    -0.00000
   17    -0.13304    -0.22647    -0.26341     0.16065     0.42617    -0.41725     0.39342    -0.38849
   18    -0.36753    -0.43981    -0.39399     0.00093    -0.24419     0.23983    -0.26810     0.26864



     CARTESIAN DISPLACEMENT VECTORS IN ATOMIC UNITS AND HARMONIC FREQUENCIES IN CM-1.



             1           2           3           4           5           6           7           8           9          10

          0.00004     0.00003     0.00001     0.00000     0.00001     0.00002   948.91577   993.75800  1063.05398  1124.93008

    1     0.18880     0.00000     0.00000     0.00000     0.00000    -0.00003     0.00000    -0.00069     0.12393     0.07735
    2     0.00000     0.18880     0.00000     0.00000     0.00000    -0.14777     0.04174    -0.00000     0.00000    -0.00000
    3     0.18880     0.00000     0.00000     0.00000     0.00000    -0.00003    -0.00005    -0.00000     0.00000    -0.00000
    4     0.18880     0.00000     0.00000     0.00000     0.00000    -0.00003    -0.00000     0.00069    -0.12393     0.07735
    5     0.00000     0.18880     0.00000     0.00000     0.00000     0.14777     0.04174     0.00000    -0.00000     0.00000
    6     0.18880     0.00000     0.00000     0.00000     0.00000    -0.00003     0.00005    -0.00000     0.00000    -0.00000
    7     0.18880     0.00000     0.00000     0.00000     0.00000    -0.20446    -0.00000     0.49976    -0.39323    -0.46128
    8     0.00000     0.18880     0.00000     0.00000     0.00000    -0.27607    -0.24954    -0.00000     0.00000     0.00000
    9     0.18880     0.00000     0.00000     0.00000     0.00000    -0.20446    -0.41962    -0.00000    -0.00000     0.00000
   10     0.18880     0.00000     0.00000     0.00000     0.00000     0.20477     0.00000    -0.49630    -0.39804    -0.46045

   11     0.00000     0.18880     0.00000     0.00000     0.00000    -0.27553    -0.24793    -0.00000    -0.00000    -0.00000
   12     0.18880     0.00000     0.00000     0.00000     0.00000     0.20477     0.41892     0.00000     0.00000    -0.00000
   13     0.18880     0.00000     0.00000     0.00000     0.00000    -0.20446     0.00000    -0.49976     0.39323    -0.46128
   14     0.00000     0.18880     0.00000     0.00000     0.00000     0.27607    -0.24954    -0.00000     0.00000    -0.00000
   15     0.18880     0.00000     0.00000     0.00000     0.00000    -0.20446     0.41962     0.00000    -0.00000     0.00000
   16     0.18880     0.00000     0.00000     0.00000     0.00000     0.20477    -0.00000     0.49630     0.39804    -0.46045
   17     0.00000     0.18880     0.00000     0.00000     0.00000     0.27553    -0.24793    -0.00000     0.00000    -0.00000
   18     0.18880     0.00000     0.00000     0.00000     0.00000     0.20477    -0.41892    -0.00000     0.00000    -0.00000


            11          12          13          14          15          16          17          18

       1245.01640  1506.38527  1514.34478  1998.45723  3049.88054  3118.56386  3175.90689  3219.91790

    1    -0.00000    -0.00000     0.00000     0.00000    -0.00000    -0.00000     0.00000     0.00000
    2    -0.12693    -0.00000    -0.00012     0.00005     0.00020     0.00026     0.06068     0.06511
    3    -0.00005     0.03164     0.06572     0.19317     0.04079     0.05755    -0.00019    -0.00033
    4    -0.00000    -0.00000     0.00000     0.00000     0.00000     0.00000    -0.00000     0.00000
    5     0.12693    -0.00000     0.00012     0.00005    -0.00020     0.00026    -0.06068     0.06511
    6    -0.00005    -0.03164     0.06572    -0.19317     0.04079    -0.05755    -0.00019     0.00033
    7     0.00000     0.00000    -0.00000    -0.00000    -0.00000     0.00000    -0.00000    -0.00000
    8     0.13422     0.22563    -0.26294    -0.16058     0.42179     0.41251    -0.39346    -0.38898
    9     0.36674     0.43639    -0.39068    -0.00022    -0.24287    -0.23802     0.26928     0.27001
   10     0.00000     0.00000    -0.00000    -0.00000     0.00000     0.00000     0.00000     0.00000

   11     0.13252    -0.22558     0.26237     0.16002    -0.42450    -0.41561    -0.39187    -0.38696
   12    -0.36609     0.43808    -0.39244    -0.00092    -0.24323    -0.23889    -0.26704    -0.26759
   13     0.00000     0.00000    -0.00000    -0.00000    -0.00000    -0.00000     0.00000     0.00000
   14    -0.13422     0.22563     0.26294    -0.16058    -0.42179     0.41251     0.39346    -0.38898
   15     0.36674    -0.43639    -0.39068     0.00022    -0.24287     0.23802     0.26928    -0.27001
   16     0.00000    -0.00000    -0.00000    -0.00000    -0.00000     0.00000    -0.00000    -0.00000
   17    -0.13252    -0.22558    -0.26237     0.16002     0.42450    -0.41561     0.39187    -0.38696
   18    -0.36609    -0.43808    -0.39244     0.00092    -0.24323     0.23889    -0.26704     0.26759


     POINT GROUP C2v ASSIGNED.



     SYMMETRY OF VECTOR  1 CANNOT BE ASSIGNED.



     ZERO-POINT VIBRATIONAL ENERGY       32.82139 KCAL/MOL

     COMPUTED FROM MODES  7 - 18


               DIPOLE DERIVATIVES IN     
               CARTESIAN COORDINATES     
                 (DEBYE/ANGSTROM)        


             1           2           3

    1    -2.01201     0.00000     0.00000
    2     0.00000     2.29239    -0.00456
    3     0.00000    -0.00241     0.31838
    4    -2.01201     0.00000     0.00000
    5     0.00000     2.29239     0.00456
    6     0.00000     0.00241     0.31838
    7     1.00664     0.00000     0.00000
    8     0.00000    -1.14206     0.34847
    9     0.00000     0.98736    -0.15928
   10     1.00543     0.00000     0.00000

   11     0.00000    -1.14932    -0.34747
   12     0.00000    -0.98611    -0.15936
   13     1.00664     0.00000     0.00000
   14     0.00000    -1.14206    -0.34847
   15     0.00000    -0.98736    -0.15928
   16     1.00543     0.00000     0.00000
   17     0.00000    -1.14932     0.34747
   18     0.00000     0.98611    -0.15936


               DIPOLE DERIVATIVES IN     
            CARTESIAN NORMAL COORDINATES 
                 (DEBYE/ANGSTROM)        


             1           2           3

    1     0.00002     0.00000    -0.00010
    2     0.00000     0.00038     0.00000
    3     0.00000     0.00000     0.00000
    4     0.00000     0.00000     0.00000
    5     0.00000     0.00000     0.00000
    6     0.00024    -0.00000     0.00027
    7     0.00000    -0.32356     0.00000
    8     0.00000    -0.00000     0.00000
    9    -0.00000     0.00000    -0.00000
   10    -2.16582    -0.00000     0.00000

   11     0.00000     0.00000     0.00242
   12     0.00000     0.00073     0.00000
   13    -0.00000     0.00000    -0.07420
   14    -0.00000    -0.00038     0.00000
   15    -0.00000     0.00000     0.76983
   16    -0.00000     0.01516    -0.00000
   17     0.00000    -0.00000    -0.00323
   18    -0.00000     3.13743    -0.00000


                         INFRARED           
                 VIBRATIONAL INTENSITIES    

    MODE    WAVENUMBER       KM/MOL     RELATIVE

      7      948.91577        4.424      0.01064
      8      993.75800        0.000      0.00000
      9     1063.05398        0.000      0.00000
     10     1124.93008      198.207      0.47654
     11     1245.01640        0.000      0.00000
     12     1506.38527        0.000      0.00000
     13     1514.34478        0.233      0.00056
     14     1998.45723        0.000      0.00000
     15     3049.88054       25.042      0.06021
     16     3118.56386        0.010      0.00002
     17     3175.90689        0.000      0.00000
     18     3219.91790      415.933      1.00000



     ENTHALPY                          AT 298 K       -7154.03088 KCAL/MOL
     ENTHALPY                          AT   0 K       -7156.49995 KCAL/MOL
     HEAT OF FORMATION                 AT 298 K          12.85148 KCAL/MOL
     HEAT OF FORMATION                 AT   0 K          14.77249 KCAL/MOL
     ATOMIZATION ENTHALPY              AT 298 K         537.33652 KCAL/MOL
     ATOMIZATION ENTHALPY              AT   0 K         530.91838 KCAL/MOL
     ZPVE-EXCLUSIVE ATOMIZATION ENERGY AT   0 K         563.73976 KCAL/MOL

     DIFFERENCE Hf(298 K)-Hf(0 K)                        -1.92102 KCAL/MOL
     CONTRIBUTIONS FROM
     * EXPERIMENTAL HEATS FOR ATOMS                       4.49713 KCAL/MOL
     * SUM OF ALL THEORETICAL TERMS                      -6.41815 KCAL/MOL
     * H(298 K)-H(0 K) FOR ATOMS                         -8.88722 KCAL/MOL
     * H(298 K)-H(0 K) FOR MOLECULE                       2.46907 KCAL/MOL
     * VIBRATIONAL PART                                   0.09915 KCAL/MOL



     SYMMETRY NUMBER  2 ASSIGNED FOR ROTATIONAL PARTITION FUNCTION.

     POINT GROUP    C2v ASSIGNED USING PRINCIPAL-AXIS COORDINATES.



     CALCULATION OF THERMODYNAMIC QUANTITIES.


     RIGID-ROTOR HARMONIC-OSCILLATOR APPROXIMATION.
     NO SPECIAL TREATMENT OF INTERNAL ROTATIONS.
     ELECTRONIC CONTRIBUTIONS ARE NEGLECTED.
     EVALUATION VIA PARTITION FUNCTION Q.
     H(T)-H(0)  ENTHALPY      IN KCAL MOL-1.
     CP         HEAT CAPACITY IN CAL  MOL-1 KELVIN-1.
     S          ENTROPY       IN CAL  MOL-1 KELVIN-1.
     G(T)-G(0)  FREE ENTHALPY IN KCAL MOL-1.



     SUM OF TRANSLATIONAL, ROTATIONAL AND VIBRATIONAL CONTRIBUTIONS.

     T(KELVIN)      H(T)-H(0)          CP             S          G(T)-G(0)

        298.00        2.46762        9.67316       53.54615      -13.48913
        200.00        1.59800        8.25444       50.02625       -8.40725
        210.00        1.68098        8.34545       50.43113       -8.90955
        220.00        1.76495        8.45023       50.82173       -9.41583
        230.00        1.85003        8.56847       51.19991       -9.92595
        240.00        1.93636        8.69965       51.56731      -10.43979
        250.00        2.02407        8.84307       51.92532      -10.95726
        260.00        2.11326        8.99787       52.27513      -11.47827
        270.00        2.20406        9.16314       52.61778      -12.00274
        280.00        2.29656        9.33790       52.95415      -12.53061
        290.00        2.39085        9.52114       53.28500      -13.06181
        300.00        2.48700        9.71186       53.61098      -13.59629
        310.00        2.58510        9.90909       53.93263      -14.13401
        320.00        2.68520       10.11189       54.25042      -14.67493
        330.00        2.78736       10.31938       54.56474      -15.21901
        340.00        2.89161       10.53071       54.87594      -15.76621
        350.00        2.99798       10.74513       55.18428      -16.31652
        360.00        3.10652       10.96191       55.49002      -16.86989
        370.00        3.21723       11.18042       55.79334      -17.42631
        380.00        3.33013       11.40007       56.09441      -17.98575
        390.00        3.44523       11.62035       56.39338      -18.54819
        400.00        3.56254       11.84078       56.69037      -19.11361



 COMPUTATION TIME                 0.111 SECONDS


